<?xml version="1.0" encoding="UTF-8"?>
<!-- Generated by org.testng.reporters.JUnitReportReporter -->
<testsuite hostname="DESKTOP-S6VGP32" failures="0" tests="1" name="sel4.GetDimention" time="34.238" errors="0" timestamp="16 Dec 2020 06:47:28 GMT" skipped="0">
  <testcase classname="sel4.GetDimention" name="screenshotTest" time="34.238"/>
</testsuite> <!-- sel4.GetDimention -->
