<?xml version="1.0" encoding="UTF-8"?>
<!-- Generated by org.testng.reporters.JUnitReportReporter -->
<testsuite hostname="DESKTOP-S6VGP32" failures="0" tests="1" name="sel4.Tab_WindowsHandling" time="105.598" errors="0" timestamp="16 Dec 2020 06:51:21 GMT" skipped="0">
  <testcase classname="sel4.Tab_WindowsHandling" name="NewTAB" time="105.598"/>
</testsuite> <!-- sel4.Tab_WindowsHandling -->
