<?xml version="1.0" encoding="UTF-8"?>
<!-- Generated by org.testng.reporters.JUnitReportReporter -->
<testsuite hostname="DESKTOP-S6VGP32" failures="0" tests="1" name="sel4.AllureReportsTestNG" time="99.797" errors="0" timestamp="18 Dec 2020 05:20:13 GMT" skipped="0">
  <testcase classname="sel4.AllureReportsTestNG" name="NewTAB" time="99.797"/>
</testsuite> <!-- sel4.AllureReportsTestNG -->
