<?xml version="1.0" encoding="UTF-8"?>
<!-- Generated by org.testng.reporters.JUnitReportReporter -->
<testsuite hostname="DESKTOP-S6VGP32" failures="0" tests="1" name="sel4.RelativesXpath" time="16.182" errors="0" timestamp="16 Dec 2020 06:52:32 GMT" skipped="0">
  <testcase classname="sel4.RelativesXpath" name="screenshotTest" time="16.182"/>
</testsuite> <!-- sel4.RelativesXpath -->
