<?xml version="1.0" encoding="UTF-8"?>
<!-- Generated by org.testng.reporters.JUnitReportReporter -->
<testsuite hostname="DESKTOP-S6VGP32" failures="0" tests="1" name="sel4.RelativesLocators" time="47.530" errors="0" timestamp="16 Dec 2020 06:11:05 GMT" skipped="0">
  <testcase classname="sel4.RelativesLocators" name="NewTAB" time="47.530"/>
</testsuite> <!-- sel4.RelativesLocators -->
