<?xml version="1.0" encoding="UTF-8"?>
<!-- Generated by org.testng.reporters.JUnitReportReporter -->
<testsuite hostname="DESKTOP-S6VGP32" failures="0" tests="1" name="sel4.GetScreenShot" time="21.977" errors="0" timestamp="16 Dec 2020 06:48:40 GMT" skipped="0">
  <testcase classname="sel4.GetScreenShot" name="screenshotTest" time="21.977"/>
</testsuite> <!-- sel4.GetScreenShot -->
